Start testing: Jul 26 23:40 Montevideo Standard Time
----------------------------------------------------------
1/16 Testing: engine_basic
1/16 Test: engine_basic
Command: "C:/Users/German Lungo/source/repos/glungo/cpp-ecs-demo/build/engine-tests/Debug/engine_tests.exe" "Engine Basic Tests"
Directory: C:/Users/German Lungo/source/repos/glungo/cpp-ecs-demo/build/engine-tests
"engine_basic" start time: Jul 26 23:40 Montevideo Standard Time
Output:
----------------------------------------------------------
Running test: Engine Basic Tests
Engine basic test running...
Engine basic test completed successfully.
PASSED: Engine Basic Tests
<end of output>
Test time =   0.03 sec
----------------------------------------------------------
Test Passed.
"engine_basic" end time: Jul 26 23:40 Montevideo Standard Time
"engine_basic" time elapsed: 00:00:00
----------------------------------------------------------

2/16 Testing: entity_creation
2/16 Test: entity_creation
Command: "C:/Users/German Lungo/source/repos/glungo/cpp-ecs-demo/build/engine-tests/Debug/engine_tests.exe" "Entity Creation"
Directory: C:/Users/German Lungo/source/repos/glungo/cpp-ecs-demo/build/engine-tests
"entity_creation" start time: Jul 26 23:40 Montevideo Standard Time
Output:
----------------------------------------------------------
Running test: Entity Creation
Running entity creation test...
Entity creation test passed!
PASSED: Entity Creation
<end of output>
Test time =   0.01 sec
----------------------------------------------------------
Test Passed.
"entity_creation" end time: Jul 26 23:40 Montevideo Standard Time
"entity_creation" time elapsed: 00:00:00
----------------------------------------------------------

3/16 Testing: component_creation
3/16 Test: component_creation
Command: "C:/Users/German Lungo/source/repos/glungo/cpp-ecs-demo/build/engine-tests/Debug/engine_tests.exe" "Component Creation"
Directory: C:/Users/German Lungo/source/repos/glungo/cpp-ecs-demo/build/engine-tests
"component_creation" start time: Jul 26 23:40 Montevideo Standard Time
Output:
----------------------------------------------------------
Running test: Component Creation
Running component creation test...
Component creation test passed!
PASSED: Component Creation
<end of output>
Test time =   0.01 sec
----------------------------------------------------------
Test Passed.
"component_creation" end time: Jul 26 23:40 Montevideo Standard Time
"component_creation" time elapsed: 00:00:00
----------------------------------------------------------

4/16 Testing: pool_creation
4/16 Test: pool_creation
Command: "C:/Users/German Lungo/source/repos/glungo/cpp-ecs-demo/build/engine-tests/Debug/engine_tests.exe" "Pool Creation"
Directory: C:/Users/German Lungo/source/repos/glungo/cpp-ecs-demo/build/engine-tests
"pool_creation" start time: Jul 26 23:40 Montevideo Standard Time
Output:
----------------------------------------------------------
Running test: Pool Creation
Running pool creation test...
Pool creation test passed!
PASSED: Pool Creation
<end of output>
Test time =   0.00 sec
----------------------------------------------------------
Test Passed.
"pool_creation" end time: Jul 26 23:40 Montevideo Standard Time
"pool_creation" time elapsed: 00:00:00
----------------------------------------------------------

5/16 Testing: archetype_creation
5/16 Test: archetype_creation
Command: "C:/Users/German Lungo/source/repos/glungo/cpp-ecs-demo/build/engine-tests/Debug/engine_tests.exe" "Archetype Creation"
Directory: C:/Users/German Lungo/source/repos/glungo/cpp-ecs-demo/build/engine-tests
"archetype_creation" start time: Jul 26 23:40 Montevideo Standard Time
Output:
----------------------------------------------------------
Running test: Archetype Creation
Running archetype creation test...
Archetype creation test passed!
PASSED: Archetype Creation
<end of output>
Test time =   0.00 sec
----------------------------------------------------------
Test Passed.
"archetype_creation" end time: Jul 26 23:40 Montevideo Standard Time
"archetype_creation" time elapsed: 00:00:00
----------------------------------------------------------

6/16 Testing: archetype_component_access
6/16 Test: archetype_component_access
Command: "C:/Users/German Lungo/source/repos/glungo/cpp-ecs-demo/build/engine-tests/Debug/engine_tests.exe" "Archetype Component Access"
Directory: C:/Users/German Lungo/source/repos/glungo/cpp-ecs-demo/build/engine-tests
"archetype_component_access" start time: Jul 26 23:40 Montevideo Standard Time
Output:
----------------------------------------------------------
Running test: Archetype Component Access
Running archetype component access test...
Archetype component access test passed!
PASSED: Archetype Component Access
<end of output>
Test time =   0.01 sec
----------------------------------------------------------
Test Passed.
"archetype_component_access" end time: Jul 26 23:40 Montevideo Standard Time
"archetype_component_access" time elapsed: 00:00:00
----------------------------------------------------------

7/16 Testing: archetype_entity_iteration
7/16 Test: archetype_entity_iteration
Command: "C:/Users/German Lungo/source/repos/glungo/cpp-ecs-demo/build/engine-tests/Debug/engine_tests.exe" "Archetype Entity Iteration"
Directory: C:/Users/German Lungo/source/repos/glungo/cpp-ecs-demo/build/engine-tests
"archetype_entity_iteration" start time: Jul 26 23:40 Montevideo Standard Time
Output:
----------------------------------------------------------
Running test: Archetype Entity Iteration
Running archetype entity iteration test...
Archetype entity iteration test passed!
PASSED: Archetype Entity Iteration
<end of output>
Test time =   0.00 sec
----------------------------------------------------------
Test Passed.
"archetype_entity_iteration" end time: Jul 26 23:40 Montevideo Standard Time
"archetype_entity_iteration" time elapsed: 00:00:00
----------------------------------------------------------

8/16 Testing: basic_entity_creation
8/16 Test: basic_entity_creation
Command: "C:/Users/German Lungo/source/repos/glungo/cpp-ecs-demo/build/engine-tests/Debug/engine_tests.exe" "Basic Entity Creation"
Directory: C:/Users/German Lungo/source/repos/glungo/cpp-ecs-demo/build/engine-tests
"basic_entity_creation" start time: Jul 26 23:40 Montevideo Standard Time
Output:
----------------------------------------------------------
Running test: Basic Entity Creation
Running basic entity creation test...
Basic entity creation test passed!
PASSED: Basic Entity Creation
<end of output>
Test time =   0.00 sec
----------------------------------------------------------
Test Passed.
"basic_entity_creation" end time: Jul 26 23:40 Montevideo Standard Time
"basic_entity_creation" time elapsed: 00:00:00
----------------------------------------------------------

9/16 Testing: entity_pool_overflow
9/16 Test: entity_pool_overflow
Command: "C:/Users/German Lungo/source/repos/glungo/cpp-ecs-demo/build/engine-tests/Debug/engine_tests.exe" "Entity Pool Overflow"
Directory: C:/Users/German Lungo/source/repos/glungo/cpp-ecs-demo/build/engine-tests
"entity_pool_overflow" start time: Jul 26 23:40 Montevideo Standard Time
Output:
----------------------------------------------------------
Running test: Entity Pool Overflow
Running entity pool overflow test...
Entity pool overflow test passed!
PASSED: Entity Pool Overflow
<end of output>
Test time =   0.00 sec
----------------------------------------------------------
Test Passed.
"entity_pool_overflow" end time: Jul 26 23:40 Montevideo Standard Time
"entity_pool_overflow" time elapsed: 00:00:00
----------------------------------------------------------

10/16 Testing: entity_reuse
10/16 Test: entity_reuse
Command: "C:/Users/German Lungo/source/repos/glungo/cpp-ecs-demo/build/engine-tests/Debug/engine_tests.exe" "Entity Reuse"
Directory: C:/Users/German Lungo/source/repos/glungo/cpp-ecs-demo/build/engine-tests
"entity_reuse" start time: Jul 26 23:40 Montevideo Standard Time
Output:
----------------------------------------------------------
Running test: Entity Reuse
Running entity reuse test...
Entity reuse test passed!
PASSED: Entity Reuse
<end of output>
Test time =   0.00 sec
----------------------------------------------------------
Test Passed.
"entity_reuse" end time: Jul 26 23:40 Montevideo Standard Time
"entity_reuse" time elapsed: 00:00:00
----------------------------------------------------------

11/16 Testing: job_create
11/16 Test: job_create
Command: "C:/Users/German Lungo/source/repos/glungo/cpp-ecs-demo/build/engine-tests/Debug/engine_tests.exe" "Job Create"
Directory: C:/Users/German Lungo/source/repos/glungo/cpp-ecs-demo/build/engine-tests
"job_create" start time: Jul 26 23:40 Montevideo Standard Time
Output:
----------------------------------------------------------
Running test: Job Create
Running job create test...
Job create test passed!
PASSED: Job Create
<end of output>
Test time =   0.00 sec
----------------------------------------------------------
Test Passed.
"job_create" end time: Jul 26 23:40 Montevideo Standard Time
"job_create" time elapsed: 00:00:00
----------------------------------------------------------

12/16 Testing: job_parallel_execution
12/16 Test: job_parallel_execution
Command: "C:/Users/German Lungo/source/repos/glungo/cpp-ecs-demo/build/engine-tests/Debug/engine_tests.exe" "Job Parallel Execution"
Directory: C:/Users/German Lungo/source/repos/glungo/cpp-ecs-demo/build/engine-tests
"job_parallel_execution" start time: Jul 26 23:40 Montevideo Standard Time
Output:
----------------------------------------------------------
Running test: Job Parallel Execution
Running job parallel execution test...
Job parallel execution test passed!
PASSED: Job Parallel Execution
<end of output>
Test time =   0.00 sec
----------------------------------------------------------
Test Passed.
"job_parallel_execution" end time: Jul 26 23:40 Montevideo Standard Time
"job_parallel_execution" time elapsed: 00:00:00
----------------------------------------------------------

13/16 Testing: job_cache_refresh
13/16 Test: job_cache_refresh
Command: "C:/Users/German Lungo/source/repos/glungo/cpp-ecs-demo/build/engine-tests/Debug/engine_tests.exe" "Job Cache Refresh"
Directory: C:/Users/German Lungo/source/repos/glungo/cpp-ecs-demo/build/engine-tests
"job_cache_refresh" start time: Jul 26 23:40 Montevideo Standard Time
Output:
----------------------------------------------------------
Running test: Job Cache Refresh
Running job cache refresh test...
Job cache refresh test passed!
PASSED: Job Cache Refresh
<end of output>
Test time =   0.01 sec
----------------------------------------------------------
Test Passed.
"job_cache_refresh" end time: Jul 26 23:40 Montevideo Standard Time
"job_cache_refresh" time elapsed: 00:00:00
----------------------------------------------------------

14/16 Testing: job_multiple
14/16 Test: job_multiple
Command: "C:/Users/German Lungo/source/repos/glungo/cpp-ecs-demo/build/engine-tests/Debug/engine_tests.exe" "Job Multiple"
Directory: C:/Users/German Lungo/source/repos/glungo/cpp-ecs-demo/build/engine-tests
"job_multiple" start time: Jul 26 23:40 Montevideo Standard Time
Output:
----------------------------------------------------------
Running test: Job Multiple
Running job multiple test...
Job multiple test passed!
PASSED: Job Multiple
<end of output>
Test time =   0.01 sec
----------------------------------------------------------
Test Passed.
"job_multiple" end time: Jul 26 23:40 Montevideo Standard Time
"job_multiple" time elapsed: 00:00:00
----------------------------------------------------------

15/16 Testing: job_scheduler
15/16 Test: job_scheduler
Command: "C:/Users/German Lungo/source/repos/glungo/cpp-ecs-demo/build/engine-tests/Debug/engine_tests.exe" "Job Scheduler"
Directory: C:/Users/German Lungo/source/repos/glungo/cpp-ecs-demo/build/engine-tests
"job_scheduler" start time: Jul 26 23:40 Montevideo Standard Time
Output:
----------------------------------------------------------
Running test: Job Scheduler
Running job scheduler test...
Job scheduler test passed!
PASSED: Job Scheduler
<end of output>
Test time =   0.01 sec
----------------------------------------------------------
Test Passed.
"job_scheduler" end time: Jul 26 23:40 Montevideo Standard Time
"job_scheduler" time elapsed: 00:00:00
----------------------------------------------------------

16/16 Testing: all_tests
16/16 Test: all_tests
Command: "C:/Users/German Lungo/source/repos/glungo/cpp-ecs-demo/build/engine-tests/Debug/engine_tests.exe"
Directory: C:/Users/German Lungo/source/repos/glungo/cpp-ecs-demo/build/engine-tests
"all_tests" start time: Jul 26 23:40 Montevideo Standard Time
Output:
----------------------------------------------------------
Running test: Engine Basic Tests
Engine basic test running...
Engine basic test completed successfully.
PASSED: Engine Basic Tests
Running test: Entity Creation
Running entity creation test...
Entity creation test passed!
PASSED: Entity Creation
Running test: Component Creation
Running component creation test...
Component creation test passed!
PASSED: Component Creation
Running test: Pool Creation
Running pool creation test...
Pool creation test passed!
PASSED: Pool Creation
Running test: Archetype Creation
Running archetype creation test...
Archetype creation test passed!
PASSED: Archetype Creation
Running test: Archetype Component Access
Running archetype component access test...
Archetype component access test passed!
PASSED: Archetype Component Access
Running test: Archetype Entity Iteration
Running archetype entity iteration test...
Archetype entity iteration test passed!
PASSED: Archetype Entity Iteration
Running test: Basic Entity Creation
Running basic entity creation test...
Basic entity creation test passed!
PASSED: Basic Entity Creation
Running test: Entity Pool Overflow
Running entity pool overflow test...
Entity pool overflow test passed!
PASSED: Entity Pool Overflow
Running test: Entity Reuse
Running entity reuse test...
Entity reuse test passed!
PASSED: Entity Reuse
Running test: Job Create
Running job create test...
Job create test passed!
PASSED: Job Create
Running test: Job Parallel Execution
Running job parallel execution test...
Job parallel execution test passed!
PASSED: Job Parallel Execution
Running test: Job Cache Refresh
Running job cache refresh test...
Job cache refresh test passed!
PASSED: Job Cache Refresh
Running test: Job Multiple
Running job multiple test...
Job multiple test passed!
PASSED: Job Multiple
Running test: Job Scheduler
Running job scheduler test...
Job scheduler test passed!
PASSED: Job Scheduler
DISABLED: System Tests

=== Test Summary ===
Total: 16
Passed: 15
Failed: 0
Disabled: 1
<end of output>
Test time =   0.01 sec
----------------------------------------------------------
Test Passed.
"all_tests" end time: Jul 26 23:40 Montevideo Standard Time
"all_tests" time elapsed: 00:00:00
----------------------------------------------------------

End testing: Jul 26 23:40 Montevideo Standard Time
