Start testing: Mar 03 10:33 -03
----------------------------------------------------------
4/4 Testing: EntityManagerTests
4/4 Test: EntityManagerTests
Command: "/Users/german/cpp-ecs-demo/build/src/entities/entity_manager_tests"
Directory: /Users/german/cpp-ecs-demo/build/src/entities
"EntityManagerTests" start time: Mar 03 10:33 -03
Output:
----------------------------------------------------------
Creating item with args. first_free_index: 0, first_unallocated_index: 0, active_items.size(): 0
Created new item at index 0
Creating item with args. first_free_index: 1, first_unallocated_index: 1, active_items.size(): 1
Created new item at index 1
Destroying item at index 0, active_items.size() before: 2
After destroy: first_free_index: 0, first_unallocated_index: 2, active_items.size(): 1
Destroying item at index 1, active_items.size() before: 1
After destroy: first_free_index: 0, first_unallocated_index: 0, active_items.size(): 0
Creating item with args. first_free_index: 0, first_unallocated_index: 0, active_items.size(): 0
Created new item at index 0
Creating item with args. first_free_index: 1, first_unallocated_index: 1, active_items.size(): 1
Created new item at index 1
Creating item with args. first_free_index: 2, first_unallocated_index: 2, active_items.size(): 2
Created new item at index 2
Creating item with args. first_free_index: 3, first_unallocated_index: 3, active_items.size(): 3
Pool is full
Creating item with args. first_free_index: 0, first_unallocated_index: 0, active_items.size(): 0
Created new item at index 0
Creating item with args. first_free_index: 1, first_unallocated_index: 1, active_items.size(): 1
Created new item at index 1
Destroying item at index 0, active_items.size() before: 2
After destroy: first_free_index: 0, first_unallocated_index: 2, active_items.size(): 1
Creating item with args. first_free_index: 0, first_unallocated_index: 2, active_items.size(): 1
Reusing item
Reused item at index 1
<end of output>
Test time =   0.08 sec
----------------------------------------------------------
Test Passed.
"EntityManagerTests" end time: Mar 03 10:33 -03
"EntityManagerTests" time elapsed: 00:00:00
----------------------------------------------------------

End testing: Mar 03 10:33 -03
